<html>
<head>
<title>TestNG:  Test Demo</title>
<link href="../testng.css" rel="stylesheet" type="text/css" />
<link href="../my-testng.css" rel="stylesheet" type="text/css" />

<style type="text/css">
.log { display: none;} 
.stack-trace { display: none;} 
</style>
<script type="text/javascript">
<!--
function flip(e) {
  current = e.style.display;
  if (current == 'block') {
    e.style.display = 'none';
    return 0;
  }
  else {
    e.style.display = 'block';
    return 1;
  }
}

function toggleBox(szDivId, elem, msg1, msg2)
{
  var res = -1;  if (document.getElementById) {
    res = flip(document.getElementById(szDivId));
  }
  else if (document.all) {
    // this is the way old msie versions work
    res = flip(document.all[szDivId]);
  }
  if(elem) {
    if(res == 0) elem.innerHTML = msg1; else elem.innerHTML = msg2;
  }

}

function toggleAllBoxes() {
  if (document.getElementsByTagName) {
    d = document.getElementsByTagName('div');
    for (i = 0; i < d.length; i++) {
      if (d[i].className == 'log') {
        flip(d[i]);
      }
    }
  }
}

// -->
</script>

</head>
<body>
<h2 align='center'>Test Demo</h2><table border='1' align="center">
<tr>
<td>Tests passed/Failed/Skipped:</td><td>43/3/2</td>
</tr><tr>
<td>Started on:</td><td>Sat Jan 08 15:13:50 SGT 2022</td>
</tr>
<tr><td>Total time:</td><td>6 seconds (6558 ms)</td>
</tr><tr>
<td>Included groups:</td><td></td>
</tr><tr>
<td>Excluded groups:</td><td></td>
</tr>
</table><p/>
<small><i>(Hover the method name to see the test class name)</i></small><p/>
<table width='100%' border='1' class='invocation-failed'>
<tr><td colspan='4' align='center'><b>FAILED CONFIGURATIONS</b></td></tr>
<tr><td><b>Test method</b></td>
<td width="30%"><b>Exception</b></td>
<td width="10%"><b>Time (seconds)</b></td>
<td><b>Instance</b></td>
</tr>
<tr>
<td title='com.pack.testngdemo.TestMethodParallelExecution.setUp()'><b>setUp</b><br>Test class: com.pack.testngdemo.TestMethodParallelExecution</td>
<td><div><pre>org.testng.TestNGException: 
Parameter &apos;browser&apos; is required by @Configuration on method setUp but has not been marked @Optional or defined
in D:\EveningWS\MorningDevLabs\testngOld2.xml
... Removed 24 stack frames</pre></div><a href='#' onClick='toggleBox("stack-trace592688102", this, "Click to show all stack frames", "Click to hide stack frames")'>Click to show all stack frames</a>
<div class='stack-trace' id='stack-trace592688102'><pre>org.testng.TestNGException: 
Parameter &apos;browser&apos; is required by @Configuration on method setUp but has not been marked @Optional or defined
in D:\EveningWS\MorningDevLabs\testngOld2.xml
	at org.testng.internal.Parameters.createParameters(Parameters.java:156)
	at org.testng.internal.Parameters.createParameters(Parameters.java:370)
	at org.testng.internal.Parameters.createConfigurationParameters(Parameters.java:86)
	at org.testng.internal.Invoker.invokeConfigurations(Invoker.java:202)
	at org.testng.internal.Invoker.invokeMethod(Invoker.java:590)
	at org.testng.internal.Invoker.invokeTestMethod(Invoker.java:811)
	at org.testng.internal.Invoker.invokeTestMethods(Invoker.java:1137)
	at org.testng.internal.TestMethodWorker.invokeTestMethods(TestMethodWorker.java:129)
	at org.testng.internal.TestMethodWorker.run(TestMethodWorker.java:112)
	at org.testng.TestRunner.privateRun(TestRunner.java:753)
	at org.testng.TestRunner.run(TestRunner.java:607)
	at org.testng.SuiteRunner.runTest(SuiteRunner.java:368)
	at org.testng.SuiteRunner.runSequentially(SuiteRunner.java:363)
	at org.testng.SuiteRunner.privateRun(SuiteRunner.java:321)
	at org.testng.SuiteRunner.run(SuiteRunner.java:270)
	at org.testng.SuiteRunnerWorker.runSuite(SuiteRunnerWorker.java:52)
	at org.testng.SuiteRunnerWorker.run(SuiteRunnerWorker.java:86)
	at org.testng.TestNG.runSuitesSequentially(TestNG.java:1284)
	at org.testng.TestNG.runSuitesLocally(TestNG.java:1209)
	at org.testng.TestNG.runSuites(TestNG.java:1124)
	at org.testng.TestNG.run(TestNG.java:1096)
	at org.testng.remote.AbstractRemoteTestNG.run(AbstractRemoteTestNG.java:132)
	at org.testng.remote.RemoteTestNG.initAndRun(RemoteTestNG.java:236)
	at org.testng.remote.RemoteTestNG.main(RemoteTestNG.java:81)
</pre></div></td>
<td>0</td>
<td>com.pack.testngdemo.TestMethodParallelExecution@66480dd7</td></tr>
</table><p>
<table width='100%' border='1' class='invocation-skipped'>
<tr><td colspan='4' align='center'><b>SKIPPED CONFIGURATIONS</b></td></tr>
<tr><td><b>Test method</b></td>
<td width="30%"><b>Exception</b></td>
<td width="10%"><b>Time (seconds)</b></td>
<td><b>Instance</b></td>
</tr>
<tr>
<td title='com.pack.testngdemo.TestMethodParallelExecution.tearDown()'><b>tearDown</b><br>Test class: com.pack.testngdemo.TestMethodParallelExecution</td>
<td></td>
<td>0</td>
<td>com.pack.testngdemo.TestMethodParallelExecution@66480dd7</td></tr>
</table><p>
<table width='100%' border='1' class='invocation-failed'>
<tr><td colspan='4' align='center'><b>FAILED TESTS</b></td></tr>
<tr><td><b>Test method</b></td>
<td width="30%"><b>Exception</b></td>
<td width="10%"><b>Time (seconds)</b></td>
<td><b>Instance</b></td>
</tr>
<tr>
<td title='com.pack.testngdemo.TestngAnnotations5.test1()'><b>test1</b><br>Test class: com.pack.testngdemo.TestngAnnotations5</td>
<td><div><pre>java.lang.AssertionError: The following asserts failed:
	expected [2] but found [1]
	at com.pack.testngdemo.TestngAnnotations5.test1(TestngAnnotations5.java:37)
... Removed 26 stack frames</pre></div><a href='#' onClick='toggleBox("stack-trace767010715", this, "Click to show all stack frames", "Click to hide stack frames")'>Click to show all stack frames</a>
<div class='stack-trace' id='stack-trace767010715'><pre>java.lang.AssertionError: The following asserts failed:
	expected [2] but found [1]
	at org.testng.asserts.SoftAssert.assertAll(SoftAssert.java:43)
	at com.pack.testngdemo.TestngAnnotations5.test1(TestngAnnotations5.java:37)
	at sun.reflect.NativeMethodAccessorImpl.invoke0(Native Method)
	at sun.reflect.NativeMethodAccessorImpl.invoke(NativeMethodAccessorImpl.java:62)
	at sun.reflect.DelegatingMethodAccessorImpl.invoke(DelegatingMethodAccessorImpl.java:43)
	at java.lang.reflect.Method.invoke(Method.java:498)
	at org.testng.internal.MethodInvocationHelper.invokeMethod(MethodInvocationHelper.java:100)
	at org.testng.internal.Invoker.invokeMethod(Invoker.java:646)
	at org.testng.internal.Invoker.invokeTestMethod(Invoker.java:811)
	at org.testng.internal.Invoker.invokeTestMethods(Invoker.java:1137)
	at org.testng.internal.TestMethodWorker.invokeTestMethods(TestMethodWorker.java:129)
	at org.testng.internal.TestMethodWorker.run(TestMethodWorker.java:112)
	at org.testng.TestRunner.privateRun(TestRunner.java:753)
	at org.testng.TestRunner.run(TestRunner.java:607)
	at org.testng.SuiteRunner.runTest(SuiteRunner.java:368)
	at org.testng.SuiteRunner.runSequentially(SuiteRunner.java:363)
	at org.testng.SuiteRunner.privateRun(SuiteRunner.java:321)
	at org.testng.SuiteRunner.run(SuiteRunner.java:270)
	at org.testng.SuiteRunnerWorker.runSuite(SuiteRunnerWorker.java:52)
	at org.testng.SuiteRunnerWorker.run(SuiteRunnerWorker.java:86)
	at org.testng.TestNG.runSuitesSequentially(TestNG.java:1284)
	at org.testng.TestNG.runSuitesLocally(TestNG.java:1209)
	at org.testng.TestNG.runSuites(TestNG.java:1124)
	at org.testng.TestNG.run(TestNG.java:1096)
	at org.testng.remote.AbstractRemoteTestNG.run(AbstractRemoteTestNG.java:132)
	at org.testng.remote.RemoteTestNG.initAndRun(RemoteTestNG.java:236)
	at org.testng.remote.RemoteTestNG.main(RemoteTestNG.java:81)
</pre></div></td>
<td>0</td>
<td>com.pack.testngdemo.TestngAnnotations5@5ec0a365</td></tr>
<tr>
<td title='com.pack.testngdemo.TestngAnnotations3.test2()'><b>test2</b><br>Test class: com.pack.testngdemo.TestngAnnotations3</td>
<td><div><pre>java.lang.AssertionError: Comaparison is failed............. expected [Hello1] but found [Hello]
	at com.pack.testngdemo.TestngAnnotations3.test2(TestngAnnotations3.java:25)
... Removed 30 stack frames</pre></div><a href='#' onClick='toggleBox("stack-trace632249781", this, "Click to show all stack frames", "Click to hide stack frames")'>Click to show all stack frames</a>
<div class='stack-trace' id='stack-trace632249781'><pre>java.lang.AssertionError: Comaparison is failed............. expected [Hello1] but found [Hello]
	at org.testng.Assert.fail(Assert.java:94)
	at org.testng.Assert.failNotEquals(Assert.java:513)
	at org.testng.Assert.assertEqualsImpl(Assert.java:135)
	at org.testng.Assert.assertEquals(Assert.java:116)
	at org.testng.Assert.assertEquals(Assert.java:190)
	at com.pack.testngdemo.TestngAnnotations3.test2(TestngAnnotations3.java:25)
	at sun.reflect.NativeMethodAccessorImpl.invoke0(Native Method)
	at sun.reflect.NativeMethodAccessorImpl.invoke(NativeMethodAccessorImpl.java:62)
	at sun.reflect.DelegatingMethodAccessorImpl.invoke(DelegatingMethodAccessorImpl.java:43)
	at java.lang.reflect.Method.invoke(Method.java:498)
	at org.testng.internal.MethodInvocationHelper.invokeMethod(MethodInvocationHelper.java:100)
	at org.testng.internal.Invoker.invokeMethod(Invoker.java:646)
	at org.testng.internal.Invoker.invokeTestMethod(Invoker.java:811)
	at org.testng.internal.Invoker.invokeTestMethods(Invoker.java:1137)
	at org.testng.internal.TestMethodWorker.invokeTestMethods(TestMethodWorker.java:129)
	at org.testng.internal.TestMethodWorker.run(TestMethodWorker.java:112)
	at org.testng.TestRunner.privateRun(TestRunner.java:753)
	at org.testng.TestRunner.run(TestRunner.java:607)
	at org.testng.SuiteRunner.runTest(SuiteRunner.java:368)
	at org.testng.SuiteRunner.runSequentially(SuiteRunner.java:363)
	at org.testng.SuiteRunner.privateRun(SuiteRunner.java:321)
	at org.testng.SuiteRunner.run(SuiteRunner.java:270)
	at org.testng.SuiteRunnerWorker.runSuite(SuiteRunnerWorker.java:52)
	at org.testng.SuiteRunnerWorker.run(SuiteRunnerWorker.java:86)
	at org.testng.TestNG.runSuitesSequentially(TestNG.java:1284)
	at org.testng.TestNG.runSuitesLocally(TestNG.java:1209)
	at org.testng.TestNG.runSuites(TestNG.java:1124)
	at org.testng.TestNG.run(TestNG.java:1096)
	at org.testng.remote.AbstractRemoteTestNG.run(AbstractRemoteTestNG.java:132)
	at org.testng.remote.RemoteTestNG.initAndRun(RemoteTestNG.java:236)
	at org.testng.remote.RemoteTestNG.main(RemoteTestNG.java:81)
</pre></div></td>
<td>0</td>
<td>com.pack.testngdemo.TestngAnnotations3@21213b92</td></tr>
<tr>
<td title='com.pack.testngdemo.RetryListenerDemo.test3()'><b>test3</b><br>Test class: com.pack.testngdemo.RetryListenerDemo</td>
<td><div><pre>java.lang.AssertionError: expected [false] but found [true]
	at com.pack.testngdemo.RetryListenerDemo.test3(RetryListenerDemo.java:28)
... Removed 29 stack frames</pre></div><a href='#' onClick='toggleBox("stack-trace1018298342", this, "Click to show all stack frames", "Click to hide stack frames")'>Click to show all stack frames</a>
<div class='stack-trace' id='stack-trace1018298342'><pre>java.lang.AssertionError: expected [false] but found [true]
	at org.testng.Assert.fail(Assert.java:94)
	at org.testng.Assert.failNotEquals(Assert.java:513)
	at org.testng.Assert.assertFalse(Assert.java:63)
	at org.testng.Assert.assertFalse(Assert.java:73)
	at com.pack.testngdemo.RetryListenerDemo.test3(RetryListenerDemo.java:28)
	at sun.reflect.NativeMethodAccessorImpl.invoke0(Native Method)
	at sun.reflect.NativeMethodAccessorImpl.invoke(NativeMethodAccessorImpl.java:62)
	at sun.reflect.DelegatingMethodAccessorImpl.invoke(DelegatingMethodAccessorImpl.java:43)
	at java.lang.reflect.Method.invoke(Method.java:498)
	at org.testng.internal.MethodInvocationHelper.invokeMethod(MethodInvocationHelper.java:100)
	at org.testng.internal.Invoker.invokeMethod(Invoker.java:646)
	at org.testng.internal.Invoker.retryFailed(Invoker.java:958)
	at org.testng.internal.Invoker.invokeTestMethods(Invoker.java:1160)
	at org.testng.internal.TestMethodWorker.invokeTestMethods(TestMethodWorker.java:129)
	at org.testng.internal.TestMethodWorker.run(TestMethodWorker.java:112)
	at org.testng.TestRunner.privateRun(TestRunner.java:753)
	at org.testng.TestRunner.run(TestRunner.java:607)
	at org.testng.SuiteRunner.runTest(SuiteRunner.java:368)
	at org.testng.SuiteRunner.runSequentially(SuiteRunner.java:363)
	at org.testng.SuiteRunner.privateRun(SuiteRunner.java:321)
	at org.testng.SuiteRunner.run(SuiteRunner.java:270)
	at org.testng.SuiteRunnerWorker.runSuite(SuiteRunnerWorker.java:52)
	at org.testng.SuiteRunnerWorker.run(SuiteRunnerWorker.java:86)
	at org.testng.TestNG.runSuitesSequentially(TestNG.java:1284)
	at org.testng.TestNG.runSuitesLocally(TestNG.java:1209)
	at org.testng.TestNG.runSuites(TestNG.java:1124)
	at org.testng.TestNG.run(TestNG.java:1096)
	at org.testng.remote.AbstractRemoteTestNG.run(AbstractRemoteTestNG.java:132)
	at org.testng.remote.RemoteTestNG.initAndRun(RemoteTestNG.java:236)
	at org.testng.remote.RemoteTestNG.main(RemoteTestNG.java:81)
</pre></div></td>
<td>0</td>
<td>com.pack.testngdemo.RetryListenerDemo@4e1d422d</td></tr>
</table><p>
<table width='100%' border='1' class='invocation-passed'>
<tr><td colspan='4' align='center'><b>PASSED TESTS</b></td></tr>
<tr><td><b>Test method</b></td>
<td width="30%"><b>Exception</b></td>
<td width="10%"><b>Time (seconds)</b></td>
<td><b>Instance</b></td>
</tr>
<tr>
<td title='com.pack.testngdemo.NewTest.f()'><b>f</b><br>Test class: com.pack.testngdemo.NewTest</td>
<td></td>
<td>0</td>
<td>com.pack.testngdemo.NewTest@3327bd23</td></tr>
<tr>
<td title='com.pack.testngdemo.TestNGDemo.m1()'><b>m1</b><br>Test class: com.pack.testngdemo.TestNGDemo</td>
<td></td>
<td>0</td>
<td>com.pack.testngdemo.TestNGDemo@4fe3c938</td></tr>
<tr>
<td title='com.pack.testngdemo.TestNGDemo.m2()'><b>m2</b><br>Test class: com.pack.testngdemo.TestNGDemo</td>
<td></td>
<td>0</td>
<td>com.pack.testngdemo.TestNGDemo@4fe3c938</td></tr>
<tr>
<td title='com.pack.testngdemo.TestNGDemo.m3()'><b>m3</b><br>Test class: com.pack.testngdemo.TestNGDemo</td>
<td></td>
<td>0</td>
<td>com.pack.testngdemo.TestNGDemo@4fe3c938</td></tr>
<tr>
<td title='com.pack.testngdemo.TestNGDemo2.t1()'><b>t1</b><br>Test class: com.pack.testngdemo.TestNGDemo2</td>
<td></td>
<td>0</td>
<td>com.pack.testngdemo.TestNGDemo2@5383967b</td></tr>
<tr>
<td title='com.pack.testngdemo.TestNGDemo2.t2()'><b>t2</b><br>Test class: com.pack.testngdemo.TestNGDemo2</td>
<td></td>
<td>0</td>
<td>com.pack.testngdemo.TestNGDemo2@5383967b</td></tr>
<tr>
<td title='com.pack.testngdemo.RetryListenerDemo.test1()'><b>test1</b><br>Test class: com.pack.testngdemo.RetryListenerDemo</td>
<td></td>
<td>0</td>
<td>com.pack.testngdemo.RetryListenerDemo@4e1d422d</td></tr>
<tr>
<td title='com.pack.testngdemo.TestngAnnotations.test1()'><b>test1</b><br>Test class: com.pack.testngdemo.TestngAnnotations</td>
<td></td>
<td>0</td>
<td>com.pack.testngdemo.TestngAnnotations@52a86356</td></tr>
<tr>
<td title='com.pack.testngdemo.TestngAnnotations.test1()'><b>test1</b><br>Test class: com.pack.testngdemo.TestngAnnotations</td>
<td></td>
<td>0</td>
<td>com.pack.testngdemo.TestngAnnotations@52a86356</td></tr>
<tr>
<td title='com.pack.testngdemo.TestngAnnotations.test1()'><b>test1</b><br>Test class: com.pack.testngdemo.TestngAnnotations</td>
<td></td>
<td>0</td>
<td>com.pack.testngdemo.TestngAnnotations@52a86356</td></tr>
<tr>
<td title='com.pack.testngdemo.TestngAnnotations.test1()'><b>test1</b><br>Test class: com.pack.testngdemo.TestngAnnotations</td>
<td></td>
<td>0</td>
<td>com.pack.testngdemo.TestngAnnotations@52a86356</td></tr>
<tr>
<td title='com.pack.testngdemo.TestngAnnotations.test1()'><b>test1</b><br>Test class: com.pack.testngdemo.TestngAnnotations</td>
<td></td>
<td>0</td>
<td>com.pack.testngdemo.TestngAnnotations@52a86356</td></tr>
<tr>
<td title='com.pack.testngdemo.TestngAnnotations.test1()'><b>test1</b><br>Test class: com.pack.testngdemo.TestngAnnotations</td>
<td></td>
<td>0</td>
<td>com.pack.testngdemo.TestngAnnotations@52a86356</td></tr>
<tr>
<td title='com.pack.testngdemo.TestngAnnotations.test1()'><b>test1</b><br>Test class: com.pack.testngdemo.TestngAnnotations</td>
<td></td>
<td>0</td>
<td>com.pack.testngdemo.TestngAnnotations@52a86356</td></tr>
<tr>
<td title='com.pack.testngdemo.TestngAnnotations.test1()'><b>test1</b><br>Test class: com.pack.testngdemo.TestngAnnotations</td>
<td></td>
<td>0</td>
<td>com.pack.testngdemo.TestngAnnotations@52a86356</td></tr>
<tr>
<td title='com.pack.testngdemo.TestngAnnotations.test1()'><b>test1</b><br>Test class: com.pack.testngdemo.TestngAnnotations</td>
<td></td>
<td>0</td>
<td>com.pack.testngdemo.TestngAnnotations@52a86356</td></tr>
<tr>
<td title='com.pack.testngdemo.TestngAnnotations.test1()'><b>test1</b><br>Test class: com.pack.testngdemo.TestngAnnotations</td>
<td></td>
<td>0</td>
<td>com.pack.testngdemo.TestngAnnotations@52a86356</td></tr>
<tr>
<td title='com.pack.testngdemo.TestngAnnotations.test1()'><b>test1</b><br>Test class: com.pack.testngdemo.TestngAnnotations</td>
<td></td>
<td>0</td>
<td>com.pack.testngdemo.TestngAnnotations@52a86356</td></tr>
<tr>
<td title='com.pack.testngdemo.TestngAnnotations.test1()'><b>test1</b><br>Test class: com.pack.testngdemo.TestngAnnotations</td>
<td></td>
<td>0</td>
<td>com.pack.testngdemo.TestngAnnotations@52a86356</td></tr>
<tr>
<td title='com.pack.testngdemo.TestngAnnotations.test1()'><b>test1</b><br>Test class: com.pack.testngdemo.TestngAnnotations</td>
<td></td>
<td>0</td>
<td>com.pack.testngdemo.TestngAnnotations@52a86356</td></tr>
<tr>
<td title='com.pack.testngdemo.TestngAnnotations.test1()'><b>test1</b><br>Test class: com.pack.testngdemo.TestngAnnotations</td>
<td></td>
<td>0</td>
<td>com.pack.testngdemo.TestngAnnotations@52a86356</td></tr>
<tr>
<td title='com.pack.testngdemo.TestngAnnotations.test1()'><b>test1</b><br>Test class: com.pack.testngdemo.TestngAnnotations</td>
<td></td>
<td>0</td>
<td>com.pack.testngdemo.TestngAnnotations@52a86356</td></tr>
<tr>
<td title='com.pack.testngdemo.TestngAnnotations.test1()'><b>test1</b><br>Test class: com.pack.testngdemo.TestngAnnotations</td>
<td></td>
<td>0</td>
<td>com.pack.testngdemo.TestngAnnotations@52a86356</td></tr>
<tr>
<td title='com.pack.testngdemo.TestngAnnotations.test1()'><b>test1</b><br>Test class: com.pack.testngdemo.TestngAnnotations</td>
<td></td>
<td>0</td>
<td>com.pack.testngdemo.TestngAnnotations@52a86356</td></tr>
<tr>
<td title='com.pack.testngdemo.TestngAnnotations.test1()'><b>test1</b><br>Test class: com.pack.testngdemo.TestngAnnotations</td>
<td></td>
<td>0</td>
<td>com.pack.testngdemo.TestngAnnotations@52a86356</td></tr>
<tr>
<td title='com.pack.testngdemo.TestngAnnotations.test1()'><b>test1</b><br>Test class: com.pack.testngdemo.TestngAnnotations</td>
<td></td>
<td>0</td>
<td>com.pack.testngdemo.TestngAnnotations@52a86356</td></tr>
<tr>
<td title='com.pack.testngdemo.TestngAnnotations.test1()'><b>test1</b><br>Test class: com.pack.testngdemo.TestngAnnotations</td>
<td></td>
<td>0</td>
<td>com.pack.testngdemo.TestngAnnotations@52a86356</td></tr>
<tr>
<td title='com.pack.testngdemo.TestngAnnotations3.test1()'><b>test1</b><br>Test class: com.pack.testngdemo.TestngAnnotations3</td>
<td></td>
<td>0</td>
<td>com.pack.testngdemo.TestngAnnotations3@21213b92</td></tr>
<tr>
<td title='com.pack.testngdemo.TestngAnnotations4.test1()'><b>test1</b><br>Test class: com.pack.testngdemo.TestngAnnotations4</td>
<td></td>
<td>0</td>
<td>com.pack.testngdemo.TestngAnnotations4@78c03f1f</td></tr>
<tr>
<td title='com.pack.testngdemo.TestngAnnotationsDemoXml.test1()'><b>test1</b><br>Test class: com.pack.testngdemo.TestngAnnotationsDemoXml</td>
<td></td>
<td>0</td>
<td>com.pack.testngdemo.TestngAnnotationsDemoXml@a67c67e</td></tr>
<tr>
<td title='com.pack.testngdemo.TestngAnnotations4.test2()'><b>test2</b><br>Test class: com.pack.testngdemo.TestngAnnotations4</td>
<td></td>
<td>0</td>
<td>com.pack.testngdemo.TestngAnnotations4@78c03f1f</td></tr>
<tr>
<td title='com.pack.testngdemo.TestngAnnotationsDemoXml.test2()'><b>test2</b><br>Test class: com.pack.testngdemo.TestngAnnotationsDemoXml</td>
<td></td>
<td>0</td>
<td>com.pack.testngdemo.TestngAnnotationsDemoXml@a67c67e</td></tr>
<tr>
<td title='com.pack.testngdemo.TestngAnnotationsDemoXml.test3()'><b>test3</b><br>Test class: com.pack.testngdemo.TestngAnnotationsDemoXml</td>
<td></td>
<td>0</td>
<td>com.pack.testngdemo.TestngAnnotationsDemoXml@a67c67e</td></tr>
<tr>
<td title='com.pack.testngdemo.TestngAnnotations3.test3()'><b>test3</b><br>Test class: com.pack.testngdemo.TestngAnnotations3</td>
<td></td>
<td>0</td>
<td>com.pack.testngdemo.TestngAnnotations3@21213b92</td></tr>
<tr>
<td title='com.pack.testngdemo.TestngAnnotations4.test3()'><b>test3</b><br>Test class: com.pack.testngdemo.TestngAnnotations4</td>
<td></td>
<td>0</td>
<td>com.pack.testngdemo.TestngAnnotations4@78c03f1f</td></tr>
<tr>
<td title='com.pack.testngdemo.TestngAnnotations4.test4()'><b>test4</b><br>Test class: com.pack.testngdemo.TestngAnnotations4</td>
<td></td>
<td>0</td>
<td>com.pack.testngdemo.TestngAnnotations4@78c03f1f</td></tr>
<tr>
<td title='com.pack.testngdemo.TestngAnnotations4.test5()'><b>test5</b><br>Test class: com.pack.testngdemo.TestngAnnotations4</td>
<td></td>
<td>0</td>
<td>com.pack.testngdemo.TestngAnnotations4@78c03f1f</td></tr>
<tr>
<td title='com.pack.testngdemo.TestNGDemoPart1.testcase001111()'><b>testcase001111</b><br>Test class: com.pack.testngdemo.TestNGDemoPart1</td>
<td></td>
<td>1</td>
<td>com.pack.testngdemo.TestNGDemoPart1@2ac273d3</td></tr>
<tr>
<td title='com.pack.testngdemo.TestNGDemoPart1.testcase0022222()'><b>testcase0022222</b><br>Test class: com.pack.testngdemo.TestNGDemoPart1</td>
<td></td>
<td>1</td>
<td>com.pack.testngdemo.TestNGDemoPart1@2ac273d3</td></tr>
<tr>
<td title='com.pack.testngdemo.TestNGDemoPart1.testcase003333()'><b>testcase003333</b><br>Test class: com.pack.testngdemo.TestNGDemoPart1</td>
<td></td>
<td>1</td>
<td>com.pack.testngdemo.TestNGDemoPart1@2ac273d3</td></tr>
<tr>
<td title='com.pack.testngdemo.TestNGDemoPart3.testcase005555()'><b>testcase005555</b><br>Test class: com.pack.testngdemo.TestNGDemoPart3</td>
<td></td>
<td>1</td>
<td>com.pack.testngdemo.TestNGDemoPart3@71423665</td></tr>
<tr>
<td title='com.pack.testngdemo.TestNGDemoPart3.testcase006666()'><b>testcase006666</b><br>Test class: com.pack.testngdemo.TestNGDemoPart3</td>
<td></td>
<td>1</td>
<td>com.pack.testngdemo.TestNGDemoPart3@71423665</td></tr>
<tr>
<td title='com.pack.testngdemo.TestNGDemoPart3.testcase007777()'><b>testcase007777</b><br>Test class: com.pack.testngdemo.TestNGDemoPart3</td>
<td></td>
<td>1</td>
<td>com.pack.testngdemo.TestNGDemoPart3@71423665</td></tr>
</table><p>
<table width='100%' border='1' class='invocation-skipped'>
<tr><td colspan='4' align='center'><b>SKIPPED TESTS</b></td></tr>
<tr><td><b>Test method</b></td>
<td width="30%"><b>Exception</b></td>
<td width="10%"><b>Time (seconds)</b></td>
<td><b>Instance</b></td>
</tr>
<tr>
<td title='com.pack.testngdemo.TestMethodParallelExecution.login()'><b>login</b><br>Test class: com.pack.testngdemo.TestMethodParallelExecution</td>
<td></td>
<td>0</td>
<td>com.pack.testngdemo.TestMethodParallelExecution@66480dd7</td></tr>
<tr>
<td title='com.pack.testngdemo.RetryListenerDemo.test3()'><b>test3</b><br>Test class: com.pack.testngdemo.RetryListenerDemo</td>
<td><div><pre>java.lang.AssertionError: expected [false] but found [true]
	at com.pack.testngdemo.RetryListenerDemo.test3(RetryListenerDemo.java:28)
... Removed 29 stack frames</pre></div><a href='#' onClick='toggleBox("stack-trace2104545713", this, "Click to show all stack frames", "Click to hide stack frames")'>Click to show all stack frames</a>
<div class='stack-trace' id='stack-trace2104545713'><pre>java.lang.AssertionError: expected [false] but found [true]
	at org.testng.Assert.fail(Assert.java:94)
	at org.testng.Assert.failNotEquals(Assert.java:513)
	at org.testng.Assert.assertFalse(Assert.java:63)
	at org.testng.Assert.assertFalse(Assert.java:73)
	at com.pack.testngdemo.RetryListenerDemo.test3(RetryListenerDemo.java:28)
	at sun.reflect.NativeMethodAccessorImpl.invoke0(Native Method)
	at sun.reflect.NativeMethodAccessorImpl.invoke(NativeMethodAccessorImpl.java:62)
	at sun.reflect.DelegatingMethodAccessorImpl.invoke(DelegatingMethodAccessorImpl.java:43)
	at java.lang.reflect.Method.invoke(Method.java:498)
	at org.testng.internal.MethodInvocationHelper.invokeMethod(MethodInvocationHelper.java:100)
	at org.testng.internal.Invoker.invokeMethod(Invoker.java:646)
	at org.testng.internal.Invoker.invokeTestMethod(Invoker.java:811)
	at org.testng.internal.Invoker.invokeTestMethods(Invoker.java:1137)
	at org.testng.internal.TestMethodWorker.invokeTestMethods(TestMethodWorker.java:129)
	at org.testng.internal.TestMethodWorker.run(TestMethodWorker.java:112)
	at org.testng.TestRunner.privateRun(TestRunner.java:753)
	at org.testng.TestRunner.run(TestRunner.java:607)
	at org.testng.SuiteRunner.runTest(SuiteRunner.java:368)
	at org.testng.SuiteRunner.runSequentially(SuiteRunner.java:363)
	at org.testng.SuiteRunner.privateRun(SuiteRunner.java:321)
	at org.testng.SuiteRunner.run(SuiteRunner.java:270)
	at org.testng.SuiteRunnerWorker.runSuite(SuiteRunnerWorker.java:52)
	at org.testng.SuiteRunnerWorker.run(SuiteRunnerWorker.java:86)
	at org.testng.TestNG.runSuitesSequentially(TestNG.java:1284)
	at org.testng.TestNG.runSuitesLocally(TestNG.java:1209)
	at org.testng.TestNG.runSuites(TestNG.java:1124)
	at org.testng.TestNG.run(TestNG.java:1096)
	at org.testng.remote.AbstractRemoteTestNG.run(AbstractRemoteTestNG.java:132)
	at org.testng.remote.RemoteTestNG.initAndRun(RemoteTestNG.java:236)
	at org.testng.remote.RemoteTestNG.main(RemoteTestNG.java:81)
</pre></div></td>
<td>0</td>
<td>com.pack.testngdemo.RetryListenerDemo@4e1d422d</td></tr>
</table><p>
</body>
</html>