<?xml version="1.0" encoding="UTF-8"?>
<!-- Generated by org.testng.reporters.JUnitXMLReporter -->
<testsuite hostname="DESKTOP-CKK8A56" name="Test Demo" tests="48" failures="3" timestamp="8 Jan 2022 07:13:57 GMT" time="6.558" errors="0">
  <testcase name="@BeforeMethod setUp" time="0.0" classname="com.pack.testngdemo.TestMethodParallelExecution">
    <failure type="org.testng.TestNGException" message="
Parameter &amp;apos;browser&amp;apos; is required by @Configuration on method setUp but has not been marked @Optional or defined
in D:\EveningWS\MorningDevLabs\testngOld2.xml">
      <![CDATA[org.testng.TestNGException: 
Parameter 'browser' is required by @Configuration on method setUp but has not been marked @Optional or defined
in D:\EveningWS\MorningDevLabs\testngOld2.xml
... Removed 24 stack frames]]>
    </failure>
  </testcase> <!-- @BeforeMethod setUp -->
  <testcase name="@AfterMethod tearDown" time="0.0" classname="com.pack.testngdemo.TestMethodParallelExecution">
    <skipped/>
  </testcase> <!-- @AfterMethod tearDown -->
  <testcase name="test3" time="0.015" classname="com.pack.testngdemo.TestngAnnotationsDemoXml"/>
  <testcase name="f" time="0.004" classname="com.pack.testngdemo.NewTest"/>
  <testcase name="test1" time="0.002" classname="com.pack.testngdemo.RetryListenerDemo"/>
  <testcase name="test3" time="0.003" classname="com.pack.testngdemo.RetryListenerDemo">
    <skipped/>
  </testcase> <!-- test3 -->
  <testcase name="test3" time="0.003" classname="com.pack.testngdemo.RetryListenerDemo">
    <failure type="java.lang.AssertionError" message="expected [false] but found [true]">
      <![CDATA[java.lang.AssertionError: expected [false] but found [true]
	at com.pack.testngdemo.RetryListenerDemo.test3(RetryListenerDemo.java:28)
... Removed 29 stack frames]]>
    </failure>
  </testcase> <!-- test3 -->
  <testcase name="login" time="0.002" classname="com.pack.testngdemo.TestMethodParallelExecution">
    <skipped/>
  </testcase> <!-- login -->
  <testcase name="test1" time="0.02" classname="com.pack.testngdemo.TestngAnnotations"/>
  <testcase name="test1" time="0.045" classname="com.pack.testngdemo.TestngAnnotations"/>
  <testcase name="test1" time="0.046" classname="com.pack.testngdemo.TestngAnnotations"/>
  <testcase name="test1" time="0.06" classname="com.pack.testngdemo.TestngAnnotations"/>
  <testcase name="test1" time="0.066" classname="com.pack.testngdemo.TestngAnnotations"/>
  <testcase name="test1" time="0.02" classname="com.pack.testngdemo.TestngAnnotations"/>
  <testcase name="test1" time="0.028" classname="com.pack.testngdemo.TestngAnnotations"/>
  <testcase name="test1" time="0.038" classname="com.pack.testngdemo.TestngAnnotations"/>
  <testcase name="test1" time="0.041" classname="com.pack.testngdemo.TestngAnnotations"/>
  <testcase name="test1" time="0.044" classname="com.pack.testngdemo.TestngAnnotations"/>
  <testcase name="test1" time="0.049" classname="com.pack.testngdemo.TestngAnnotations"/>
  <testcase name="test1" time="0.05" classname="com.pack.testngdemo.TestngAnnotations"/>
  <testcase name="test1" time="0.053" classname="com.pack.testngdemo.TestngAnnotations"/>
  <testcase name="test1" time="0.056" classname="com.pack.testngdemo.TestngAnnotations"/>
  <testcase name="test1" time="0.06" classname="com.pack.testngdemo.TestngAnnotations"/>
  <testcase name="test1" time="0.067" classname="com.pack.testngdemo.TestngAnnotations"/>
  <testcase name="test1" time="0.067" classname="com.pack.testngdemo.TestngAnnotations"/>
  <testcase name="test1" time="0.077" classname="com.pack.testngdemo.TestngAnnotations"/>
  <testcase name="test1" time="0.078" classname="com.pack.testngdemo.TestngAnnotations"/>
  <testcase name="test1" time="0.114" classname="com.pack.testngdemo.TestngAnnotations"/>
  <testcase name="test1" time="0.009" classname="com.pack.testngdemo.TestngAnnotations3"/>
  <testcase name="test2" time="0.001" classname="com.pack.testngdemo.TestngAnnotations3">
    <failure type="java.lang.AssertionError" message="Comaparison is failed............. expected [Hello1] but found [Hello]">
      <![CDATA[java.lang.AssertionError: Comaparison is failed............. expected [Hello1] but found [Hello]
	at com.pack.testngdemo.TestngAnnotations3.test2(TestngAnnotations3.java:25)
... Removed 30 stack frames]]>
    </failure>
  </testcase> <!-- test2 -->
  <testcase name="test3" time="0.007" classname="com.pack.testngdemo.TestngAnnotations3"/>
  <testcase name="test1" time="0.043" classname="com.pack.testngdemo.TestngAnnotations4"/>
  <testcase name="test2" time="0.001" classname="com.pack.testngdemo.TestngAnnotations4"/>
  <testcase name="test3" time="0.002" classname="com.pack.testngdemo.TestngAnnotations4"/>
  <testcase name="test4" time="0.002" classname="com.pack.testngdemo.TestngAnnotations4"/>
  <testcase name="test5" time="0.001" classname="com.pack.testngdemo.TestngAnnotations4"/>
  <testcase name="test1" time="0.016" classname="com.pack.testngdemo.TestngAnnotations5">
    <failure type="java.lang.AssertionError" message="The following asserts failed:
	expected [2] but found [1]">
      <![CDATA[java.lang.AssertionError: The following asserts failed:
	expected [2] but found [1]
	at com.pack.testngdemo.TestngAnnotations5.test1(TestngAnnotations5.java:37)
... Removed 26 stack frames]]>
    </failure>
  </testcase> <!-- test1 -->
  <testcase name="test1" time="0.015" classname="com.pack.testngdemo.TestngAnnotationsDemoXml"/>
  <testcase name="m1" time="0.002" classname="com.pack.testngdemo.TestNGDemo"/>
  <testcase name="m2" time="0.009" classname="com.pack.testngdemo.TestNGDemo"/>
  <testcase name="m3" time="0.002" classname="com.pack.testngdemo.TestNGDemo"/>
  <testcase name="t1" time="0.004" classname="com.pack.testngdemo.TestNGDemo2"/>
  <testcase name="t2" time="0.002" classname="com.pack.testngdemo.TestNGDemo2"/>
  <testcase name="testcase001111" time="1.011" classname="com.pack.testngdemo.TestNGDemoPart1"/>
  <testcase name="testcase0022222" time="1.002" classname="com.pack.testngdemo.TestNGDemoPart1"/>
  <testcase name="testcase003333" time="1.0" classname="com.pack.testngdemo.TestNGDemoPart1"/>
  <testcase name="testcase005555" time="1.004" classname="com.pack.testngdemo.TestNGDemoPart3"/>
  <testcase name="testcase006666" time="1.002" classname="com.pack.testngdemo.TestNGDemoPart3"/>
  <testcase name="testcase007777" time="1.002" classname="com.pack.testngdemo.TestNGDemoPart3"/>
  <testcase name="test2" time="0.002" classname="com.pack.testngdemo.TestngAnnotationsDemoXml"/>
</testsuite> <!-- Test Demo -->
